<?xml version="1.0" encoding="UTF-8"?>
<!-- Generated by org.testng.reporters.JUnitReportReporter -->
<testsuite hostname="LAPTOP-78I34NMD" failures="0" tests="1" name="RestAssured1" time="5.018" errors="0" timestamp="2022-04-14T09:57:47 IST" skipped="0">
  <testcase classname="RestAssured1" name="postReqPojo" time="5.018"/>
  <system-out/>
</testsuite> <!-- RestAssured1 -->
