<?xml version="1.0" encoding="UTF-8"?>
<!-- Generated by org.testng.reporters.JUnitReportReporter -->
<testsuite hostname="LAPTOP-78I34NMD" failures="0" tests="1" name="RestAssuredTest" time="5.538" errors="0" timestamp="2022-04-18T10:01:50 IST" skipped="0">
  <testcase classname="RestAssuredTest" name="postReqMethodPojo" time="5.538"/>
  <system-out/>
</testsuite> <!-- RestAssuredTest -->
